D:\VS_WORKSPACE\DMHIN\DEBUG\DMHIN.EXE
D:\VS_WORKSPACE\DMHIN\DEBUG\DMHIN.EXE.MANIFEST
D:\VS_WORKSPACE\DMHIN\DEBUG\DMHIN.ILK
D:\VS_WORKSPACE\DMHIN\DEBUG\DMHIN.PDB
D:\VS_workspace\DMHIN\DMHIN\Debug\cl.command.1.tlog
D:\VS_workspace\DMHIN\DMHIN\Debug\CL.read.1.tlog
D:\VS_workspace\DMHIN\DMHIN\Debug\CL.write.1.tlog
D:\VS_WORKSPACE\DMHIN\DMHIN\DEBUG\DBCONNECTION.OBJ
D:\VS_WORKSPACE\DMHIN\DMHIN\DEBUG\DMHIN.EXE.INTERMEDIATE.MANIFEST
D:\VS_WORKSPACE\DMHIN\DMHIN\DEBUG\DMHIN.OBJ
D:\VS_WORKSPACE\DMHIN\DMHIN\DEBUG\DMHIN.PCH
D:\VS_workspace\DMHIN\DMHIN\Debug\DMHIN.write.1.tlog
D:\VS_WORKSPACE\DMHIN\DMHIN\DEBUG\HIN.OBJ
D:\VS_workspace\DMHIN\DMHIN\Debug\link.command.1.tlog
D:\VS_WORKSPACE\DMHIN\DMHIN\DEBUG\LINK.OBJ
D:\VS_workspace\DMHIN\DMHIN\Debug\link.read.1.tlog
D:\VS_workspace\DMHIN\DMHIN\Debug\link.write.1.tlog
D:\VS_workspace\DMHIN\DMHIN\Debug\mt.command.1.tlog
D:\VS_workspace\DMHIN\DMHIN\Debug\mt.read.1.tlog
D:\VS_workspace\DMHIN\DMHIN\Debug\mt.write.1.tlog
D:\VS_WORKSPACE\DMHIN\DMHIN\DEBUG\STDAFX.OBJ
D:\VS_workspace\DMHIN\DMHIN\Debug\vc100.idb
D:\VS_WORKSPACE\DMHIN\DMHIN\DEBUG\VC100.PDB
D:\VS_WORKSPACE\DMHIN\DMHIN\DEBUG\VERTEX.OBJ
